2024-12-07 14:28:56 +0000  Initial pipeline context: <IDEDistributionProcessingPipelineContext: 0x3bb4d12a0; archive(resolved)="<IDEArchive: 0x60000a315260>", distributionTask(resolved)="2", distributionDestination(resolved)="1", distributionMethod(resolved)="<IDEDistributionMethodDevelopmentSigned: 0x600004b8a940>", team(resolved)="<IDEProvisioningDisambiguatableBasicTeam: 0x600001133140; teamID='Z53GZUGWRB', teamName='Jonathan Preston', teamType='Individual', username='jonathan.c.preston@gmail.com', isFreeProvisioningTeam='0'>">
	Chain (16, self inclusive):
	<IDEDistributionProcessingPipelineContext: 0x3bb4d12a0; archive = "<IDEArchive: 0x60000a315260>", distributionMethod="<IDEDistributionMethodDevelopmentSigned: 0x600004b8a940>", team="<IDEProvisioningDisambiguatableBasicTeam: 0x600001133140; teamID='Z53GZUGWRB', teamName='Jonathan Preston', teamType='Individual', username='jonathan.c.preston@gmail.com', isFreeProvisioningTeam='0'>">
	<IDEDistributionProcessingPipelineContext: 0x3bb4bdd40; archive = "<IDEArchive: 0x60000a315260>", distributionMethod="<IDEDistributionMethodDevelopmentSigned: 0x600004b8a940>", team="<IDEProvisioningDisambiguatableBasicTeam: 0x600001133140; teamID='Z53GZUGWRB', teamName='Jonathan Preston', teamType='Individual', username='jonathan.c.preston@gmail.com', isFreeProvisioningTeam='0'>">
	<IDEDistributionContext: 0x3bc1b4080; archive = "<IDEArchive: 0x60000a315260>", distributionMethod="<IDEDistributionMethodDevelopmentSigned: 0x600004b8a940>", team="<IDEProvisioningDisambiguatableBasicTeam: 0x600001133140; teamID='Z53GZUGWRB', teamName='Jonathan Preston', teamType='Individual', username='jonathan.c.preston@gmail.com', isFreeProvisioningTeam='0'>">
	<IDEDistributionContext: 0x3bb45bd40; archive = "<IDEArchive: 0x60000a315260>", distributionMethod="<IDEDistributionMethodDevelopmentSigned: 0x600004b8a940>", team="<IDEProvisioningDisambiguatableBasicTeam: 0x600001133140; teamID='Z53GZUGWRB', teamName='Jonathan Preston', teamType='Individual', username='jonathan.c.preston@gmail.com', isFreeProvisioningTeam='0'>">
	<IDEDistributionContext: 0x3bb4c78a0; archive = "<IDEArchive: 0x60000a315260>", distributionMethod="<IDEDistributionMethodDevelopmentSigned: 0x600004b8a940>", team="<IDEProvisioningDisambiguatableBasicTeam: 0x600001133140; teamID='Z53GZUGWRB', teamName='Jonathan Preston', teamType='Individual', username='jonathan.c.preston@gmail.com', isFreeProvisioningTeam='0'>">
	<IDEDistributionContext: 0x10bf55150; archive = "<IDEArchive: 0x60000a315260>", distributionMethod="<IDEDistributionMethodDevelopmentSigned: 0x600004b8a940>", team="<IDEProvisioningDisambiguatableBasicTeam: 0x600001133140; teamID='Z53GZUGWRB', teamName='Jonathan Preston', teamType='Individual', username='jonathan.c.preston@gmail.com', isFreeProvisioningTeam='0'>">
	<IDEDistributionContext: 0x3bdfa8420; archive = "<IDEArchive: 0x60000a315260>", distributionMethod="<IDEDistributionMethodDevelopmentSigned: 0x600004b8a940>", team="<IDEProvisioningDisambiguatableBasicTeam: 0x600001133140; teamID='Z53GZUGWRB', teamName='Jonathan Preston', teamType='Individual', username='jonathan.c.preston@gmail.com', isFreeProvisioningTeam='0'>">
	<IDEDistributionContext: 0x3bb4b7d90; archive = "<IDEArchive: 0x60000a315260>", distributionMethod="<IDEDistributionMethodDevelopmentSigned: 0x600004b8a940>", team="<IDEProvisioningDisambiguatableBasicTeam: 0x600001133140; teamID='Z53GZUGWRB', teamName='Jonathan Preston', teamType='Individual', username='jonathan.c.preston@gmail.com', isFreeProvisioningTeam='0'>">
	<IDEDistributionContext: 0x3bb4d7af0; archive = "<IDEArchive: 0x60000a315260>", distributionMethod="<IDEDistributionMethodDevelopmentSigned: 0x600004b8a940>", team="<IDEProvisioningDisambiguatableBasicTeam: 0x600001133140; teamID='Z53GZUGWRB', teamName='Jonathan Preston', teamType='Individual', username='jonathan.c.preston@gmail.com', isFreeProvisioningTeam='0'>">
	<IDEDistributionContext: 0x3bb4bbda0; archive = "<IDEArchive: 0x60000a315260>", distributionMethod="<IDEDistributionMethodDevelopmentSigned: 0x600004b8a940>", team="(null)">
	<IDEDistributionContext: 0x3c0c419a0; archive = "<IDEArchive: 0x60000a315260>", distributionMethod="<IDEDistributionMethodDevelopmentSigned: 0x600004b8a940>", team="(null)">
	<IDEDistributionContext: 0x12d0cc740; archive = "<IDEArchive: 0x60000a315260>", distributionMethod="<IDEDistributionMethodDevelopmentSigned: 0x600004b8a940>", team="(null)">
	<IDEDistributionContext: 0x3bdfa5f10; archive = "<IDEArchive: 0x60000a315260>", distributionMethod="<IDEDistributionMethodDevelopmentSigned: 0x600004b8a940>", team="(null)">
	<IDEDistributionContext: 0x10a80a410; archive = "<IDEArchive: 0x60000a315260>", distributionMethod="(null)", team="(null)">
	<IDEDistributionContext: 0x10bf40440; archive = "<IDEArchive: 0x60000a315260>", distributionMethod="(null)", team="(null)">
	<IDEDistributionContext: 0x3bc12eda0; archive = "<IDEArchive: 0x60000a315260>", distributionMethod="(null)", team="(null)">
</IDEDistributionProcessingPipelineContext: 0x3bb4d12a0>
2024-12-07 14:28:56 +0000  Processing step: IDEDistributionCreateDestRootStep
2024-12-07 14:28:56 +0000  Processing step: IDEDistributionCopyItemStep
2024-12-07 14:28:56 +0000  Running /usr/bin/ditto '-V' '/Users/jonathanpreston/Library/Developer/Xcode/Archives/2024-12-07/MeritCard 07-12-2024, 14.28.xcarchive/Products/Applications/MeritCard.app' '/var/folders/zm/mhks6jdn36j1g3qgrb8qn5p40000gn/T/XcodeDistPipeline.~~~PwWGKx/Root/Payload/MeritCard.app'
2024-12-07 14:28:56 +0000  >>> Copying /Users/jonathanpreston/Library/Developer/Xcode/Archives/2024-12-07/MeritCard 07-12-2024, 14.28.xcarchive/Products/Applications/MeritCard.app 
2024-12-07 14:28:56 +0000  copying file ./_CodeSignature/CodeResources ... 
2024-12-07 14:28:56 +0000  2775 bytes for ./_CodeSignature/CodeResources
2024-12-07 14:28:56 +0000  copying file ./MeritCard ... 
2024-12-07 14:28:56 +0000  426912 bytes for ./MeritCard
2024-12-07 14:28:56 +0000  copying file ./AppIcon60x60@2x.png ... 
2024-12-07 14:28:56 +0000  18307 bytes for ./AppIcon60x60@2x.png
2024-12-07 14:28:56 +0000  copying file ./Assets.car ... 
2024-12-07 14:28:56 +0000  772624 bytes for ./Assets.car
2024-12-07 14:28:56 +0000  copying file ./AppIcon76x76@2x~ipad.png ... 
2024-12-07 14:28:56 +0000  27998 bytes for ./AppIcon76x76@2x~ipad.png
2024-12-07 14:28:56 +0000  copying file ./embedded.mobileprovision ... 
2024-12-07 14:28:56 +0000  14352 bytes for ./embedded.mobileprovision
2024-12-07 14:28:56 +0000  copying file ./Info.plist ... 
2024-12-07 14:28:56 +0000  1462 bytes for ./Info.plist
2024-12-07 14:28:56 +0000  copying file ./PkgInfo ... 
2024-12-07 14:28:56 +0000  8 bytes for ./PkgInfo
2024-12-07 14:28:56 +0000  /usr/bin/ditto exited with 0
2024-12-07 14:28:56 +0000  Processing step: IDEDistributionEmbedProfileStep
2024-12-07 14:28:56 +0000  Processing step: IDEDistributionInfoPlistStep
2024-12-07 14:28:56 +0000  Skipping step: IDEDistributionInfoPlistStep because it said so
2024-12-07 14:28:56 +0000  Processing step: IDEDistributionAppThinningPlistStep
2024-12-07 14:28:56 +0000  Skipping step: IDEDistributionAppThinningPlistStep because it said so
2024-12-07 14:28:56 +0000  Processing step: IDEDistributionSymbolsStep
2024-12-07 14:28:56 +0000  Skipping step: IDEDistributionSymbolsStep because it said so
2024-12-07 14:28:56 +0000  Processing step: IDEDistributionAppThinningStep
2024-12-07 14:28:56 +0000  Skipping step: IDEDistributionAppThinningStep because it said so
2024-12-07 14:28:56 +0000  Processing step: IDEDistributionArchThinningStep
2024-12-07 14:28:56 +0000  Item /Users/jonathanpreston/Library/Developer/Xcode/Archives/2024-12-07/MeritCard 07-12-2024, 14.28.xcarchive/Products/Applications/MeritCard.app doesn't have the entitlement com.apple.developer.web-browser-engine.host enabled, returning ["arm64e"]
2024-12-07 14:28:56 +0000  Archs to thin for item /Users/jonathanpreston/Library/Developer/Xcode/Archives/2024-12-07/MeritCard 07-12-2024, 14.28.xcarchive/Products/Applications/MeritCard.app are ["arm64e"]
2024-12-07 14:28:56 +0000  Running /Applications/Xcode.app/Contents/Developer/Toolchains/XcodeDefault.xctoolchain/usr/bin/lipo '/var/folders/zm/mhks6jdn36j1g3qgrb8qn5p40000gn/T/XcodeDistPipeline.~~~PwWGKx/Root/Payload/MeritCard.app/MeritCard' '-verify_arch' 'arm64e'
2024-12-07 14:28:56 +0000  /Applications/Xcode.app/Contents/Developer/Toolchains/XcodeDefault.xctoolchain/usr/bin/lipo exited with 1
2024-12-07 14:28:56 +0000  Skipping architecture thinning for item "MeritCard" because arch "arm64e" wasn't found
2024-12-07 14:28:56 +0000  Processing step: IDEDistributionODRStep
2024-12-07 14:28:56 +0000  Processing step: IDEDistributionStripXattrsStep
2024-12-07 14:28:56 +0000  Skipping stripping extended attributes because the codesign step will strip them.
2024-12-07 14:28:56 +0000  Processing step: IDEDistributionCodesignStep
2024-12-07 14:28:56 +0000  Entitlements for <IDEDistributionItem: 0x60000ecc3a80; bundleID='com.MeritCard', path='<DVTFilePath:0x60000edb8060:'/Users/jonathanpreston/Library/Developer/Xcode/Archives/2024-12-07/MeritCard 07-12-2024, 14.28.xcarchive/Products/Applications/MeritCard.app'>', codeSigningInfo='<_DVTCodeSigningInformation_Path: 0x60000aee98b0; isSigned='1', isAdHocSigned='0', signingCertificate='<DVTSigningCertificate: 0x6000032f2700; name='Apple Development: Jonathan Preston (95R7YWAL83)', hash='65A85DD594E54A2214BBEF9B7C8FF30E36AD9D2E', serialNumber='9D0EAD24818E87A303A4B47D80ACD17', certificateKinds='(
    "1.2.840.113635.100.6.1.12",
    "1.2.840.113635.100.6.1.2"
), issueDate='2024-12-02 12:06:49 +0000''>', entitlements='{
    "application-identifier" = "Z53GZUGWRB.com.MeritCard";
    "com.apple.developer.team-identifier" = Z53GZUGWRB;
    "get-task-allow" = 1;
}', teamID='Z53GZUGWRB', identifier='com.MeritCard', executablePath='<DVTFilePath:0x60000edb9260:'/Users/jonathanpreston/Library/Developer/Xcode/Archives/2024-12-07/MeritCard 07-12-2024, 14.28.xcarchive/Products/Applications/MeritCard.app/MeritCard'>', hardenedRuntime='0'>'>: {
    "application-identifier" = "Z53GZUGWRB.com.MeritCard";
    "com.apple.developer.team-identifier" = Z53GZUGWRB;
    "get-task-allow" = 1;
}
2024-12-07 14:28:56 +0000  Associated App Clip Identifiers Filter: Skipping because "com.apple.developer.associated-appclip-app-identifiers" is not present
2024-12-07 14:28:56 +0000  Entitlements for <IDEDistributionItem: 0x60000ecc3a80; bundleID='com.MeritCard', path='<DVTFilePath:0x60000edb8060:'/Users/jonathanpreston/Library/Developer/Xcode/Archives/2024-12-07/MeritCard 07-12-2024, 14.28.xcarchive/Products/Applications/MeritCard.app'>', codeSigningInfo='<_DVTCodeSigningInformation_Path: 0x60000aee98b0; isSigned='1', isAdHocSigned='0', signingCertificate='<DVTSigningCertificate: 0x6000032f3d80; name='Apple Development: Jonathan Preston (95R7YWAL83)', hash='65A85DD594E54A2214BBEF9B7C8FF30E36AD9D2E', serialNumber='9D0EAD24818E87A303A4B47D80ACD17', certificateKinds='(
    "1.2.840.113635.100.6.1.12",
    "1.2.840.113635.100.6.1.2"
), issueDate='2024-12-02 12:06:49 +0000''>', entitlements='{
    "application-identifier" = "Z53GZUGWRB.com.MeritCard";
    "com.apple.developer.team-identifier" = Z53GZUGWRB;
    "get-task-allow" = 1;
}', teamID='Z53GZUGWRB', identifier='com.MeritCard', executablePath='<DVTFilePath:0x60000edb9260:'/Users/jonathanpreston/Library/Developer/Xcode/Archives/2024-12-07/MeritCard 07-12-2024, 14.28.xcarchive/Products/Applications/MeritCard.app/MeritCard'>', hardenedRuntime='0'>'> are: {
    "application-identifier" = "Z53GZUGWRB.com.MeritCard";
    "com.apple.developer.team-identifier" = Z53GZUGWRB;
    "get-task-allow" = 1;
}
2024-12-07 14:28:56 +0000  Writing entitlements for <IDEDistributionItem: 0x60000ecc3a80; bundleID='com.MeritCard', path='<DVTFilePath:0x60000edb8060:'/Users/jonathanpreston/Library/Developer/Xcode/Archives/2024-12-07/MeritCard 07-12-2024, 14.28.xcarchive/Products/Applications/MeritCard.app'>', codeSigningInfo='<_DVTCodeSigningInformation_Path: 0x60000aee98b0; isSigned='1', isAdHocSigned='0', signingCertificate='<DVTSigningCertificate: 0x6000032f2400; name='Apple Development: Jonathan Preston (95R7YWAL83)', hash='65A85DD594E54A2214BBEF9B7C8FF30E36AD9D2E', serialNumber='9D0EAD24818E87A303A4B47D80ACD17', certificateKinds='(
    "1.2.840.113635.100.6.1.12",
    "1.2.840.113635.100.6.1.2"
), issueDate='2024-12-02 12:06:49 +0000''>', entitlements='{
    "application-identifier" = "Z53GZUGWRB.com.MeritCard";
    "com.apple.developer.team-identifier" = Z53GZUGWRB;
    "get-task-allow" = 1;
}', teamID='Z53GZUGWRB', identifier='com.MeritCard', executablePath='<DVTFilePath:0x60000edb9260:'/Users/jonathanpreston/Library/Developer/Xcode/Archives/2024-12-07/MeritCard 07-12-2024, 14.28.xcarchive/Products/Applications/MeritCard.app/MeritCard'>', hardenedRuntime='0'>'> to: /var/folders/zm/mhks6jdn36j1g3qgrb8qn5p40000gn/T/XcodeDistPipeline.~~~PwWGKx/entitlements~~~nLzkqr
2024-12-07 14:28:56 +0000  invoking codesign: <NSConcreteTask: 0x60000aee7d90; launchPath='/usr/bin/codesign', arguments='(
    "-f",
    "-s",
    65A85DD594E54A2214BBEF9B7C8FF30E36AD9D2E,
    "--entitlements",
    "/var/folders/zm/mhks6jdn36j1g3qgrb8qn5p40000gn/T/XcodeDistPipeline.~~~PwWGKx/entitlements~~~nLzkqr",
    "--preserve-metadata=identifier,flags,runtime",
    "--generate-entitlement-der",
    "--strip-disallowed-xattrs",
    "-vvv",
    "/var/folders/zm/mhks6jdn36j1g3qgrb8qn5p40000gn/T/XcodeDistPipeline.~~~PwWGKx/Root/Payload/MeritCard.app"
)'>
2024-12-07 14:29:06 +0000  codesign output: /var/folders/zm/mhks6jdn36j1g3qgrb8qn5p40000gn/T/XcodeDistPipeline.~~~PwWGKx/Root/Payload/MeritCard.app: replacing existing signature
/var/folders/zm/mhks6jdn36j1g3qgrb8qn5p40000gn/T/XcodeDistPipeline.~~~PwWGKx/Root/Payload/MeritCard.app: signed app bundle with Mach-O thin (arm64) [com.MeritCard]
2024-12-07 14:29:06 +0000  Processing step: IDEDistributionZipODRItemStep
2024-12-07 14:29:06 +0000  Skipping step: IDEDistributionZipODRItemStep because it said so
2024-12-07 14:29:06 +0000  Processing step: IDEDistributionCreateIPAStep
2024-12-07 14:29:06 +0000  Running /usr/bin/ditto '-V' '-c' '-k' '--norsrc' '/var/folders/zm/mhks6jdn36j1g3qgrb8qn5p40000gn/T/XcodeDistPipeline.~~~PwWGKx/Root' '/var/folders/zm/mhks6jdn36j1g3qgrb8qn5p40000gn/T/XcodeDistPipeline.~~~PwWGKx/Packages/MeritCard.ipa'
2024-12-07 14:29:06 +0000  >>> Copying /var/folders/zm/mhks6jdn36j1g3qgrb8qn5p40000gn/T/XcodeDistPipeline.~~~PwWGKx/Root 
2024-12-07 14:29:06 +0000  copying file ./Payload/MeritCard.app/_CodeSignature/CodeResources ... 
2024-12-07 14:29:06 +0000  2775 bytes for ./Payload/MeritCard.app/_CodeSignature/CodeResources
2024-12-07 14:29:06 +0000  copying file ./Payload/MeritCard.app/MeritCard ... 
2024-12-07 14:29:06 +0000  426912 bytes for ./Payload/MeritCard.app/MeritCard
2024-12-07 14:29:06 +0000  copying file ./Payload/MeritCard.app/AppIcon60x60@2x.png ... 
2024-12-07 14:29:06 +0000  18307 bytes for ./Payload/MeritCard.app/AppIcon60x60@2x.png
2024-12-07 14:29:06 +0000  copying file ./Payload/MeritCard.app/Assets.car ... 
2024-12-07 14:29:06 +0000  772624 bytes for ./Payload/MeritCard.app/Assets.car
2024-12-07 14:29:06 +0000  copying file ./Payload/MeritCard.app/AppIcon76x76@2x~ipad.png ... 
2024-12-07 14:29:06 +0000  27998 bytes for ./Payload/MeritCard.app/AppIcon76x76@2x~ipad.png
2024-12-07 14:29:06 +0000  copying file ./Payload/MeritCard.app/embedded.mobileprovision ... 
2024-12-07 14:29:06 +0000  14352 bytes for ./Payload/MeritCard.app/embedded.mobileprovision
2024-12-07 14:29:06 +0000  copying file ./Payload/MeritCard.app/Info.plist ... 
2024-12-07 14:29:06 +0000  1462 bytes for ./Payload/MeritCard.app/Info.plist
2024-12-07 14:29:06 +0000  copying file ./Payload/MeritCard.app/PkgInfo ... 
2024-12-07 14:29:06 +0000  8 bytes for ./Payload/MeritCard.app/PkgInfo
2024-12-07 14:29:06 +0000  /usr/bin/ditto exited with 0
2024-12-07 14:29:06 +0000  Processing step: IDEDistributionAppStoreInformationStep
2024-12-07 14:29:06 +0000  Skipping step: IDEDistributionAppStoreInformationStep because it said so
2024-12-07 14:29:06 +0000  Processing step: IDEDistributionGenerateProcessedDistributionItems
2024-12-07 14:29:06 +0000  IDEDistributionItem init <DVTFilePath:0x60000eccebe0:'/var/folders/zm/mhks6jdn36j1g3qgrb8qn5p40000gn/T/XcodeDistPipeline.~~~PwWGKx/Root/Payload/MeritCard.app'>
2024-12-07 14:29:06 +0000  Processing step: IDEDistributionCreateManifestStep
