2024-12-02 16:18:38 +0000  Initial pipeline context: <IDEDistributionProcessingPipelineContext: 0x37e6a2d30; archive(resolved)="<IDEArchive: 0x60000f9c8bd0>", distributionTask(resolved)="2", distributionDestination(resolved)="1", distributionMethod(resolved)="<IDEDistributionMethodDevelopmentSigned: 0x6000092d1330>", team(resolved)="<IDEProvisioningDisambiguatableBasicTeam: 0x6000008a3900; teamID='Z53GZUGWRB', teamName='Jonathan Preston', teamType='Individual', username='jonathan.c.preston@gmail.com', isFreeProvisioningTeam='0'>">
	Chain (16, self inclusive):
	<IDEDistributionProcessingPipelineContext: 0x37e6a2d30; archive = "<IDEArchive: 0x60000f9c8bd0>", distributionMethod="<IDEDistributionMethodDevelopmentSigned: 0x6000092d1330>", team="<IDEProvisioningDisambiguatableBasicTeam: 0x6000008a3900; teamID='Z53GZUGWRB', teamName='Jonathan Preston', teamType='Individual', username='jonathan.c.preston@gmail.com', isFreeProvisioningTeam='0'>">
	<IDEDistributionProcessingPipelineContext: 0x3931d33c0; archive = "<IDEArchive: 0x60000f9c8bd0>", distributionMethod="<IDEDistributionMethodDevelopmentSigned: 0x6000092d1330>", team="<IDEProvisioningDisambiguatableBasicTeam: 0x6000008a3900; teamID='Z53GZUGWRB', teamName='Jonathan Preston', teamType='Individual', username='jonathan.c.preston@gmail.com', isFreeProvisioningTeam='0'>">
	<IDEDistributionContext: 0x336793230; archive = "<IDEArchive: 0x60000f9c8bd0>", distributionMethod="<IDEDistributionMethodDevelopmentSigned: 0x6000092d1330>", team="<IDEProvisioningDisambiguatableBasicTeam: 0x6000008a3900; teamID='Z53GZUGWRB', teamName='Jonathan Preston', teamType='Individual', username='jonathan.c.preston@gmail.com', isFreeProvisioningTeam='0'>">
	<IDEDistributionContext: 0x381d27080; archive = "<IDEArchive: 0x60000f9c8bd0>", distributionMethod="<IDEDistributionMethodDevelopmentSigned: 0x6000092d1330>", team="<IDEProvisioningDisambiguatableBasicTeam: 0x6000008a3900; teamID='Z53GZUGWRB', teamName='Jonathan Preston', teamType='Individual', username='jonathan.c.preston@gmail.com', isFreeProvisioningTeam='0'>">
	<IDEDistributionContext: 0x382043bc0; archive = "<IDEArchive: 0x60000f9c8bd0>", distributionMethod="<IDEDistributionMethodDevelopmentSigned: 0x6000092d1330>", team="<IDEProvisioningDisambiguatableBasicTeam: 0x6000008a3900; teamID='Z53GZUGWRB', teamName='Jonathan Preston', teamType='Individual', username='jonathan.c.preston@gmail.com', isFreeProvisioningTeam='0'>">
	<IDEDistributionContext: 0x382bcf8c0; archive = "<IDEArchive: 0x60000f9c8bd0>", distributionMethod="<IDEDistributionMethodDevelopmentSigned: 0x6000092d1330>", team="<IDEProvisioningDisambiguatableBasicTeam: 0x6000008a3900; teamID='Z53GZUGWRB', teamName='Jonathan Preston', teamType='Individual', username='jonathan.c.preston@gmail.com', isFreeProvisioningTeam='0'>">
	<IDEDistributionContext: 0x382a131c0; archive = "<IDEArchive: 0x60000f9c8bd0>", distributionMethod="<IDEDistributionMethodDevelopmentSigned: 0x6000092d1330>", team="<IDEProvisioningDisambiguatableBasicTeam: 0x6000008a3900; teamID='Z53GZUGWRB', teamName='Jonathan Preston', teamType='Individual', username='jonathan.c.preston@gmail.com', isFreeProvisioningTeam='0'>">
	<IDEDistributionContext: 0x1154e5010; archive = "<IDEArchive: 0x60000f9c8bd0>", distributionMethod="<IDEDistributionMethodDevelopmentSigned: 0x6000092d1330>", team="<IDEProvisioningDisambiguatableBasicTeam: 0x6000008a3900; teamID='Z53GZUGWRB', teamName='Jonathan Preston', teamType='Individual', username='jonathan.c.preston@gmail.com', isFreeProvisioningTeam='0'>">
	<IDEDistributionContext: 0x393110be0; archive = "<IDEArchive: 0x60000f9c8bd0>", distributionMethod="<IDEDistributionMethodDevelopmentSigned: 0x6000092d1330>", team="<IDEProvisioningDisambiguatableBasicTeam: 0x6000008a3900; teamID='Z53GZUGWRB', teamName='Jonathan Preston', teamType='Individual', username='jonathan.c.preston@gmail.com', isFreeProvisioningTeam='0'>">
	<IDEDistributionContext: 0x39313fa10; archive = "<IDEArchive: 0x60000f9c8bd0>", distributionMethod="<IDEDistributionMethodDevelopmentSigned: 0x6000092d1330>", team="(null)">
	<IDEDistributionContext: 0x37e6ed080; archive = "<IDEArchive: 0x60000f9c8bd0>", distributionMethod="<IDEDistributionMethodDevelopmentSigned: 0x6000092d1330>", team="(null)">
	<IDEDistributionContext: 0x37e657240; archive = "<IDEArchive: 0x60000f9c8bd0>", distributionMethod="<IDEDistributionMethodDevelopmentSigned: 0x6000092d1330>", team="(null)">
	<IDEDistributionContext: 0x3a680a3c0; archive = "<IDEArchive: 0x60000f9c8bd0>", distributionMethod="<IDEDistributionMethodDevelopmentSigned: 0x6000092d1330>", team="(null)">
	<IDEDistributionContext: 0x1341ec900; archive = "<IDEArchive: 0x60000f9c8bd0>", distributionMethod="(null)", team="(null)">
	<IDEDistributionContext: 0x3a68d70d0; archive = "<IDEArchive: 0x60000f9c8bd0>", distributionMethod="(null)", team="(null)">
	<IDEDistributionContext: 0x382abb310; archive = "<IDEArchive: 0x60000f9c8bd0>", distributionMethod="(null)", team="(null)">
</IDEDistributionProcessingPipelineContext: 0x37e6a2d30>
2024-12-02 16:18:38 +0000  Processing step: IDEDistributionCreateDestRootStep
2024-12-02 16:18:38 +0000  Processing step: IDEDistributionCopyItemStep
2024-12-02 16:18:38 +0000  Running /usr/bin/ditto '-V' '/Users/jonathanpreston/Library/Developer/Xcode/Archives/2024-12-02/MeritCard 02-12-2024, 16.08.xcarchive/Products/Applications/MeritCard.app' '/var/folders/zm/mhks6jdn36j1g3qgrb8qn5p40000gn/T/XcodeDistPipeline.~~~YqaG56/Root/Payload/MeritCard.app'
2024-12-02 16:18:38 +0000  >>> Copying /Users/jonathanpreston/Library/Developer/Xcode/Archives/2024-12-02/MeritCard 02-12-2024, 16.08.xcarchive/Products/Applications/MeritCard.app 
2024-12-02 16:18:38 +0000  copying file ./_CodeSignature/CodeResources ... 
2024-12-02 16:18:38 +0000  2775 bytes for ./_CodeSignature/CodeResources
2024-12-02 16:18:38 +0000  copying file ./MeritCard ... 
2024-12-02 16:18:38 +0000  426320 bytes for ./MeritCard
2024-12-02 16:18:38 +0000  copying file ./AppIcon60x60@2x.png ... 
2024-12-02 16:18:38 +0000  18307 bytes for ./AppIcon60x60@2x.png
2024-12-02 16:18:38 +0000  copying file ./Assets.car ... 
2024-12-02 16:18:38 +0000  772624 bytes for ./Assets.car
2024-12-02 16:18:38 +0000  copying file ./AppIcon76x76@2x~ipad.png ... 
2024-12-02 16:18:38 +0000  27998 bytes for ./AppIcon76x76@2x~ipad.png
2024-12-02 16:18:38 +0000  copying file ./embedded.mobileprovision ... 
2024-12-02 16:18:38 +0000  14352 bytes for ./embedded.mobileprovision
2024-12-02 16:18:38 +0000  copying file ./Info.plist ... 
2024-12-02 16:18:38 +0000  1460 bytes for ./Info.plist
2024-12-02 16:18:38 +0000  copying file ./PkgInfo ... 
2024-12-02 16:18:38 +0000  8 bytes for ./PkgInfo
2024-12-02 16:18:38 +0000  /usr/bin/ditto exited with 0
2024-12-02 16:18:38 +0000  Processing step: IDEDistributionEmbedProfileStep
2024-12-02 16:18:38 +0000  Processing step: IDEDistributionInfoPlistStep
2024-12-02 16:18:38 +0000  Skipping step: IDEDistributionInfoPlistStep because it said so
2024-12-02 16:18:38 +0000  Processing step: IDEDistributionAppThinningPlistStep
2024-12-02 16:18:38 +0000  Skipping step: IDEDistributionAppThinningPlistStep because it said so
2024-12-02 16:18:38 +0000  Processing step: IDEDistributionSymbolsStep
2024-12-02 16:18:38 +0000  Skipping step: IDEDistributionSymbolsStep because it said so
2024-12-02 16:18:38 +0000  Processing step: IDEDistributionAppThinningStep
2024-12-02 16:18:38 +0000  Skipping step: IDEDistributionAppThinningStep because it said so
2024-12-02 16:18:38 +0000  Processing step: IDEDistributionArchThinningStep
2024-12-02 16:18:38 +0000  Item /Users/jonathanpreston/Library/Developer/Xcode/Archives/2024-12-02/MeritCard 02-12-2024, 16.08.xcarchive/Products/Applications/MeritCard.app doesn't have the entitlement com.apple.developer.web-browser-engine.host enabled, returning ["arm64e"]
2024-12-02 16:18:38 +0000  Archs to thin for item /Users/jonathanpreston/Library/Developer/Xcode/Archives/2024-12-02/MeritCard 02-12-2024, 16.08.xcarchive/Products/Applications/MeritCard.app are ["arm64e"]
2024-12-02 16:18:38 +0000  Running /Applications/Xcode.app/Contents/Developer/Toolchains/XcodeDefault.xctoolchain/usr/bin/lipo '/var/folders/zm/mhks6jdn36j1g3qgrb8qn5p40000gn/T/XcodeDistPipeline.~~~YqaG56/Root/Payload/MeritCard.app/MeritCard' '-verify_arch' 'arm64e'
2024-12-02 16:18:38 +0000  /Applications/Xcode.app/Contents/Developer/Toolchains/XcodeDefault.xctoolchain/usr/bin/lipo exited with 1
2024-12-02 16:18:38 +0000  Skipping architecture thinning for item "MeritCard" because arch "arm64e" wasn't found
2024-12-02 16:18:38 +0000  Processing step: IDEDistributionODRStep
2024-12-02 16:18:38 +0000  Processing step: IDEDistributionStripXattrsStep
2024-12-02 16:18:38 +0000  Skipping stripping extended attributes because the codesign step will strip them.
2024-12-02 16:18:38 +0000  Processing step: IDEDistributionCodesignStep
2024-12-02 16:18:38 +0000  Entitlements for <IDEDistributionItem: 0x600023491bc0; bundleID='com.MeritCard', path='<DVTFilePath:0x60000f4318c0:'/Users/jonathanpreston/Library/Developer/Xcode/Archives/2024-12-02/MeritCard 02-12-2024, 16.08.xcarchive/Products/Applications/MeritCard.app'>', codeSigningInfo='<_DVTCodeSigningInformation_Path: 0x60001f690f00; isSigned='1', isAdHocSigned='0', signingCertificate='<DVTSigningCertificate: 0x600006479a40; name='Apple Development: Jonathan Preston (95R7YWAL83)', hash='65A85DD594E54A2214BBEF9B7C8FF30E36AD9D2E', serialNumber='9D0EAD24818E87A303A4B47D80ACD17', certificateKinds='(
    "1.2.840.113635.100.6.1.12",
    "1.2.840.113635.100.6.1.2"
), issueDate='2024-12-02 12:06:49 +0000''>', entitlements='{
    "application-identifier" = "Z53GZUGWRB.com.MeritCard";
    "com.apple.developer.team-identifier" = Z53GZUGWRB;
    "get-task-allow" = 1;
}', teamID='Z53GZUGWRB', identifier='com.MeritCard', executablePath='<DVTFilePath:0x60000f4324c0:'/Users/jonathanpreston/Library/Developer/Xcode/Archives/2024-12-02/MeritCard 02-12-2024, 16.08.xcarchive/Products/Applications/MeritCard.app/MeritCard'>', hardenedRuntime='0'>'>: {
    "application-identifier" = "Z53GZUGWRB.com.MeritCard";
    "com.apple.developer.team-identifier" = Z53GZUGWRB;
    "get-task-allow" = 1;
}
2024-12-02 16:18:38 +0000  Associated App Clip Identifiers Filter: Skipping because "com.apple.developer.associated-appclip-app-identifiers" is not present
2024-12-02 16:18:38 +0000  Entitlements for <IDEDistributionItem: 0x600023491bc0; bundleID='com.MeritCard', path='<DVTFilePath:0x60000f4318c0:'/Users/jonathanpreston/Library/Developer/Xcode/Archives/2024-12-02/MeritCard 02-12-2024, 16.08.xcarchive/Products/Applications/MeritCard.app'>', codeSigningInfo='<_DVTCodeSigningInformation_Path: 0x60001f690f00; isSigned='1', isAdHocSigned='0', signingCertificate='<DVTSigningCertificate: 0x600006471200; name='Apple Development: Jonathan Preston (95R7YWAL83)', hash='65A85DD594E54A2214BBEF9B7C8FF30E36AD9D2E', serialNumber='9D0EAD24818E87A303A4B47D80ACD17', certificateKinds='(
    "1.2.840.113635.100.6.1.12",
    "1.2.840.113635.100.6.1.2"
), issueDate='2024-12-02 12:06:49 +0000''>', entitlements='{
    "application-identifier" = "Z53GZUGWRB.com.MeritCard";
    "com.apple.developer.team-identifier" = Z53GZUGWRB;
    "get-task-allow" = 1;
}', teamID='Z53GZUGWRB', identifier='com.MeritCard', executablePath='<DVTFilePath:0x60000f4324c0:'/Users/jonathanpreston/Library/Developer/Xcode/Archives/2024-12-02/MeritCard 02-12-2024, 16.08.xcarchive/Products/Applications/MeritCard.app/MeritCard'>', hardenedRuntime='0'>'> are: {
    "application-identifier" = "Z53GZUGWRB.com.MeritCard";
    "com.apple.developer.team-identifier" = Z53GZUGWRB;
    "get-task-allow" = 1;
}
2024-12-02 16:18:38 +0000  Writing entitlements for <IDEDistributionItem: 0x600023491bc0; bundleID='com.MeritCard', path='<DVTFilePath:0x60000f4318c0:'/Users/jonathanpreston/Library/Developer/Xcode/Archives/2024-12-02/MeritCard 02-12-2024, 16.08.xcarchive/Products/Applications/MeritCard.app'>', codeSigningInfo='<_DVTCodeSigningInformation_Path: 0x60001f690f00; isSigned='1', isAdHocSigned='0', signingCertificate='<DVTSigningCertificate: 0x60000646d440; name='Apple Development: Jonathan Preston (95R7YWAL83)', hash='65A85DD594E54A2214BBEF9B7C8FF30E36AD9D2E', serialNumber='9D0EAD24818E87A303A4B47D80ACD17', certificateKinds='(
    "1.2.840.113635.100.6.1.12",
    "1.2.840.113635.100.6.1.2"
), issueDate='2024-12-02 12:06:49 +0000''>', entitlements='{
    "application-identifier" = "Z53GZUGWRB.com.MeritCard";
    "com.apple.developer.team-identifier" = Z53GZUGWRB;
    "get-task-allow" = 1;
}', teamID='Z53GZUGWRB', identifier='com.MeritCard', executablePath='<DVTFilePath:0x60000f4324c0:'/Users/jonathanpreston/Library/Developer/Xcode/Archives/2024-12-02/MeritCard 02-12-2024, 16.08.xcarchive/Products/Applications/MeritCard.app/MeritCard'>', hardenedRuntime='0'>'> to: /var/folders/zm/mhks6jdn36j1g3qgrb8qn5p40000gn/T/XcodeDistPipeline.~~~YqaG56/entitlements~~~68Kntz
2024-12-02 16:18:38 +0000  invoking codesign: <NSConcreteTask: 0x60001f682990; launchPath='/usr/bin/codesign', arguments='(
    "-f",
    "-s",
    65A85DD594E54A2214BBEF9B7C8FF30E36AD9D2E,
    "--entitlements",
    "/var/folders/zm/mhks6jdn36j1g3qgrb8qn5p40000gn/T/XcodeDistPipeline.~~~YqaG56/entitlements~~~68Kntz",
    "--preserve-metadata=identifier,flags,runtime",
    "--generate-entitlement-der",
    "--strip-disallowed-xattrs",
    "-vvv",
    "/var/folders/zm/mhks6jdn36j1g3qgrb8qn5p40000gn/T/XcodeDistPipeline.~~~YqaG56/Root/Payload/MeritCard.app"
)'>
2024-12-02 16:18:43 +0000  codesign output: /var/folders/zm/mhks6jdn36j1g3qgrb8qn5p40000gn/T/XcodeDistPipeline.~~~YqaG56/Root/Payload/MeritCard.app: replacing existing signature
/var/folders/zm/mhks6jdn36j1g3qgrb8qn5p40000gn/T/XcodeDistPipeline.~~~YqaG56/Root/Payload/MeritCard.app: signed app bundle with Mach-O thin (arm64) [com.MeritCard]
2024-12-02 16:18:43 +0000  Processing step: IDEDistributionZipODRItemStep
2024-12-02 16:18:43 +0000  Skipping step: IDEDistributionZipODRItemStep because it said so
2024-12-02 16:18:43 +0000  Processing step: IDEDistributionCreateIPAStep
2024-12-02 16:18:43 +0000  Running /usr/bin/ditto '-V' '-c' '-k' '--norsrc' '/var/folders/zm/mhks6jdn36j1g3qgrb8qn5p40000gn/T/XcodeDistPipeline.~~~YqaG56/Root' '/var/folders/zm/mhks6jdn36j1g3qgrb8qn5p40000gn/T/XcodeDistPipeline.~~~YqaG56/Packages/MeritCard.ipa'
2024-12-02 16:18:43 +0000  >>> Copying /var/folders/zm/mhks6jdn36j1g3qgrb8qn5p40000gn/T/XcodeDistPipeline.~~~YqaG56/Root 
2024-12-02 16:18:43 +0000  copying file ./Payload/MeritCard.app/_CodeSignature/CodeResources ... 
2024-12-02 16:18:43 +0000  2775 bytes for ./Payload/MeritCard.app/_CodeSignature/CodeResources
2024-12-02 16:18:43 +0000  copying file ./Payload/MeritCard.app/MeritCard ... 
2024-12-02 16:18:43 +0000  426320 bytes for ./Payload/MeritCard.app/MeritCard
2024-12-02 16:18:43 +0000  copying file ./Payload/MeritCard.app/AppIcon60x60@2x.png ... 
2024-12-02 16:18:43 +0000  18307 bytes for ./Payload/MeritCard.app/AppIcon60x60@2x.png
2024-12-02 16:18:43 +0000  copying file ./Payload/MeritCard.app/Assets.car ... 
2024-12-02 16:18:43 +0000  772624 bytes for ./Payload/MeritCard.app/Assets.car
2024-12-02 16:18:43 +0000  copying file ./Payload/MeritCard.app/AppIcon76x76@2x~ipad.png ... 
2024-12-02 16:18:43 +0000  27998 bytes for ./Payload/MeritCard.app/AppIcon76x76@2x~ipad.png
2024-12-02 16:18:43 +0000  copying file ./Payload/MeritCard.app/embedded.mobileprovision ... 
2024-12-02 16:18:43 +0000  14352 bytes for ./Payload/MeritCard.app/embedded.mobileprovision
2024-12-02 16:18:43 +0000  copying file ./Payload/MeritCard.app/Info.plist ... 
2024-12-02 16:18:43 +0000  1460 bytes for ./Payload/MeritCard.app/Info.plist
2024-12-02 16:18:43 +0000  copying file ./Payload/MeritCard.app/PkgInfo ... 
2024-12-02 16:18:43 +0000  8 bytes for ./Payload/MeritCard.app/PkgInfo
2024-12-02 16:18:43 +0000  /usr/bin/ditto exited with 0
2024-12-02 16:18:43 +0000  Processing step: IDEDistributionAppStoreInformationStep
2024-12-02 16:18:43 +0000  Skipping step: IDEDistributionAppStoreInformationStep because it said so
2024-12-02 16:18:43 +0000  Processing step: IDEDistributionGenerateProcessedDistributionItems
2024-12-02 16:18:43 +0000  IDEDistributionItem init <DVTFilePath:0x600023491080:'/var/folders/zm/mhks6jdn36j1g3qgrb8qn5p40000gn/T/XcodeDistPipeline.~~~YqaG56/Root/Payload/MeritCard.app'>
2024-12-02 16:18:43 +0000  Processing step: IDEDistributionCreateManifestStep
